{"name": "Проверка, что при создании нового заказа счётчик \"Выполнено за всё время\" увеличивается", "status": "broken", "statusDetails": {"message": "selenium.common.exceptions.TimeoutException: Message: \nStacktrace:\nRemoteError@chrome://remote/content/shared/RemoteError.sys.mjs:8:8\nWebDriverError@chrome://remote/content/shared/webdriver/Errors.sys.mjs:202:5\nNoSuchElementError@chrome://remote/content/shared/webdriver/Errors.sys.mjs:555:5\ndom.find/</<@chrome://remote/content/shared/DOM.sys.mjs:136:16", "trace": "self = <test_order_pege.TestOrderPage object at 0x0000022B4A5CB110>\nlogin = <selenium.webdriver.firefox.webdriver.WebDriver (session=\"859d0984-135a-44f4-8529-6a9297cbed9f\")>\n\n    @allure.title('Проверка, что при создании нового заказа счётчик \"Выполнено за всё время\" увеличивается')\n    def test_check_rise_counter_order_to_all_time(self, login):\n        # Авторизация\n        driver = login\n        order = OrderPage(driver)\n        # Заходим в ленту заказов\n        order.check_go_to_feed_order()\n        # Получаем количество заказов \"Выполнено за всё время\" до оформления нового заказа\n>       order_all_time_before = order.text_order_all_time()\n                                ^^^^^^^^^^^^^^^^^^^^^^^^^^^\n\ntests\\test_order_pege.py:16: \n_ _ _ _ _ _ _ _ _ _ _ _ _ _ _ _ _ _ _ _ _ _ _ _ _ _ _ _ _ _ _ _ _ _ _ _ _ _ _ _ _ _ _ _ _ _ _ _ _ _ _ _ _ _ _\npages\\order_page.py:20: in text_order_all_time\n    return self.get_text_on_element(OrderLocators.TEXT_ORDER_ALL_TIME)\n           ^^^^^^^^^^^^^^^^^^^^^^^^^^^^^^^^^^^^^^^^^^^^^^^^^^^^^^^^^^^\npages\\base_page.py:31: in get_text_on_element\n    element = self.wait_for_element(locator)\n              ^^^^^^^^^^^^^^^^^^^^^^^^^^^^^^\npages\\base_page.py:15: in wait_for_element\n    return WebDriverWait(self.driver, timeout).until(EC.visibility_of_element_located(locator))\n           ^^^^^^^^^^^^^^^^^^^^^^^^^^^^^^^^^^^^^^^^^^^^^^^^^^^^^^^^^^^^^^^^^^^^^^^^^^^^^^^^^^^^\n_ _ _ _ _ _ _ _ _ _ _ _ _ _ _ _ _ _ _ _ _ _ _ _ _ _ _ _ _ _ _ _ _ _ _ _ _ _ _ _ _ _ _ _ _ _ _ _ _ _ _ _ _ _ _\n\nself = <selenium.webdriver.support.wait.WebDriverWait (session=\"859d0984-135a-44f4-8529-6a9297cbed9f\")>\nmethod = <function visibility_of_element_located.<locals>._predicate at 0x0000022B4A6C7EC0>, message = ''\n\n    def until(self, method: Callable[[D], Literal[False] | T], message: str = \"\") -> T:\n        \"\"\"Wait until the method returns a value that is not False.\n    \n        Calls the method provided with the driver as an argument until the\n        return value does not evaluate to ``False``.\n    \n        Args:\n            method: A callable object that takes a WebDriver instance as an\n                argument.\n            message: Optional message for TimeoutException.\n    \n        Returns:\n            The result of the last call to `method`.\n    \n        Raises:\n            TimeoutException: If 'method' does not return a truthy value within\n                the WebDriverWait object's timeout.\n    \n        Example:\n            >>> from selenium.webdriver.common.by import By\n            >>> from selenium.webdriver.support.ui import WebDriverWait\n            >>> from selenium.webdriver.support import expected_conditions as EC\n            >>>\n            >>> # Wait until an element is visible on the page\n            >>> wait = WebDriverWait(driver, 10)\n            >>> element = wait.until(EC.visibility_of_element_located((By.ID, \"exampleId\")))\n            >>> print(element.text)\n        \"\"\"\n        screen = None\n        stacktrace = None\n    \n        end_time = time.monotonic() + self._timeout\n        while True:\n            try:\n                value = method(self._driver)\n                if value:\n                    return value\n            except self._ignored_exceptions as exc:\n                screen = getattr(exc, \"screen\", None)\n                stacktrace = getattr(exc, \"stacktrace\", None)\n            if time.monotonic() > end_time:\n                break\n            time.sleep(self._poll)\n>       raise TimeoutException(message, screen, stacktrace)\nE       selenium.common.exceptions.TimeoutException: Message: \nE       Stacktrace:\nE       RemoteError@chrome://remote/content/shared/RemoteError.sys.mjs:8:8\nE       WebDriverError@chrome://remote/content/shared/webdriver/Errors.sys.mjs:202:5\nE       NoSuchElementError@chrome://remote/content/shared/webdriver/Errors.sys.mjs:555:5\nE       dom.find/</<@chrome://remote/content/shared/DOM.sys.mjs:136:16\n\n.venv\\Lib\\site-packages\\selenium\\webdriver\\support\\wait.py:122: TimeoutException"}, "steps": [{"name": "Переход в Ленту заказов", "status": "passed", "steps": [{"name": "Дождаться загрузки страницы", "status": "passed", "steps": [{"name": "Подождать пока элемент не станет невидимым", "status": "passed", "parameters": [{"name": "locator", "value": "('xpath', \"//div[contains(@class, 'Modal_modal_overlay__x2ZCr')]/parent::div\")"}], "start": 1768679265090, "stop": 1768679265108}], "start": 1768679265090, "stop": 1768679265108}, {"name": "Клик по кнопке \"Лента заказов\"", "status": "passed", "steps": [{"name": "Клик по элементу на странице", "status": "passed", "steps": [{"name": "Подождать кликабельности элемента", "status": "passed", "parameters": [{"name": "locator", "value": "('xpath', \"//p[text()='Лента Заказов']\")"}, {"name": "timeout", "value": "10"}], "start": 1768679265109, "stop": 1768679265132}], "parameters": [{"name": "locator", "value": "('xpath', \"//p[text()='Лента Заказов']\")"}], "start": 1768679265108, "stop": 1768679265868}], "start": 1768679265108, "stop": 1768679265868}, {"name": "Дождаться загрузки страницы", "status": "passed", "steps": [{"name": "Подождать пока элемент не станет невидимым", "status": "passed", "parameters": [{"name": "locator", "value": "('xpath', \"//div[contains(@class, 'Modal_modal_overlay__x2ZCr')]/parent::div\")"}], "start": 1768679265869, "stop": 1768679266410}], "start": 1768679265869, "stop": 1768679266410}], "start": 1768679265090, "stop": 1768679266410}, {"name": "Получить количество заказов за всё время", "status": "broken", "statusDetails": {"message": "selenium.common.exceptions.TimeoutException: Message: \nStacktrace:\nRemoteError@chrome://remote/content/shared/RemoteError.sys.mjs:8:8\nWebDriverError@chrome://remote/content/shared/webdriver/Errors.sys.mjs:202:5\nNoSuchElementError@chrome://remote/content/shared/webdriver/Errors.sys.mjs:555:5\ndom.find/</<@chrome://remote/content/shared/DOM.sys.mjs:136:16\n\n", "trace": "  File \"c:\\Users\\user\\Diplom_Aleksey_Rogozhnikov_32\\Diplom_3\\.venv\\Lib\\site-packages\\allure_commons\\_allure.py\", line 202, in impl\n    return func(*a, **kw)\n  File \"C:\\Users\\user\\Diplom_Aleksey_Rogozhnikov_32\\Diplom_3\\pages\\order_page.py\", line 20, in text_order_all_time\n    return self.get_text_on_element(OrderLocators.TEXT_ORDER_ALL_TIME)\n           ~~~~~~~~~~~~~~~~~~~~~~~~^^^^^^^^^^^^^^^^^^^^^^^^^^^^^^^^^^^\n  File \"c:\\Users\\user\\Diplom_Aleksey_Rogozhnikov_32\\Diplom_3\\.venv\\Lib\\site-packages\\allure_commons\\_allure.py\", line 202, in impl\n    return func(*a, **kw)\n  File \"C:\\Users\\user\\Diplom_Aleksey_Rogozhnikov_32\\Diplom_3\\pages\\base_page.py\", line 31, in get_text_on_element\n    element = self.wait_for_element(locator)\n  File \"c:\\Users\\user\\Diplom_Aleksey_Rogozhnikov_32\\Diplom_3\\.venv\\Lib\\site-packages\\allure_commons\\_allure.py\", line 202, in impl\n    return func(*a, **kw)\n  File \"C:\\Users\\user\\Diplom_Aleksey_Rogozhnikov_32\\Diplom_3\\pages\\base_page.py\", line 15, in wait_for_element\n    return WebDriverWait(self.driver, timeout).until(EC.visibility_of_element_located(locator))\n           ~~~~~~~~~~~~~~~~~~~~~~~~~~~~~~~~~~~~~~~~~^^^^^^^^^^^^^^^^^^^^^^^^^^^^^^^^^^^^^^^^^^^\n  File \"c:\\Users\\user\\Diplom_Aleksey_Rogozhnikov_32\\Diplom_3\\.venv\\Lib\\site-packages\\selenium\\webdriver\\support\\wait.py\", line 122, in until\n    raise TimeoutException(message, screen, stacktrace)\n"}, "steps": [{"name": "Получить текст элемента", "status": "broken", "statusDetails": {"message": "selenium.common.exceptions.TimeoutException: Message: \nStacktrace:\nRemoteError@chrome://remote/content/shared/RemoteError.sys.mjs:8:8\nWebDriverError@chrome://remote/content/shared/webdriver/Errors.sys.mjs:202:5\nNoSuchElementError@chrome://remote/content/shared/webdriver/Errors.sys.mjs:555:5\ndom.find/</<@chrome://remote/content/shared/DOM.sys.mjs:136:16\n\n", "trace": "  File \"c:\\Users\\user\\Diplom_Aleksey_Rogozhnikov_32\\Diplom_3\\.venv\\Lib\\site-packages\\allure_commons\\_allure.py\", line 202, in impl\n    return func(*a, **kw)\n  File \"C:\\Users\\user\\Diplom_Aleksey_Rogozhnikov_32\\Diplom_3\\pages\\base_page.py\", line 31, in get_text_on_element\n    element = self.wait_for_element(locator)\n  File \"c:\\Users\\user\\Diplom_Aleksey_Rogozhnikov_32\\Diplom_3\\.venv\\Lib\\site-packages\\allure_commons\\_allure.py\", line 202, in impl\n    return func(*a, **kw)\n  File \"C:\\Users\\user\\Diplom_Aleksey_Rogozhnikov_32\\Diplom_3\\pages\\base_page.py\", line 15, in wait_for_element\n    return WebDriverWait(self.driver, timeout).until(EC.visibility_of_element_located(locator))\n           ~~~~~~~~~~~~~~~~~~~~~~~~~~~~~~~~~~~~~~~~~^^^^^^^^^^^^^^^^^^^^^^^^^^^^^^^^^^^^^^^^^^^\n  File \"c:\\Users\\user\\Diplom_Aleksey_Rogozhnikov_32\\Diplom_3\\.venv\\Lib\\site-packages\\selenium\\webdriver\\support\\wait.py\", line 122, in until\n    raise TimeoutException(message, screen, stacktrace)\n"}, "steps": [{"name": "Подождать видимости элемента", "status": "broken", "statusDetails": {"message": "selenium.common.exceptions.TimeoutException: Message: \nStacktrace:\nRemoteError@chrome://remote/content/shared/RemoteError.sys.mjs:8:8\nWebDriverError@chrome://remote/content/shared/webdriver/Errors.sys.mjs:202:5\nNoSuchElementError@chrome://remote/content/shared/webdriver/Errors.sys.mjs:555:5\ndom.find/</<@chrome://remote/content/shared/DOM.sys.mjs:136:16\n\n", "trace": "  File \"c:\\Users\\user\\Diplom_Aleksey_Rogozhnikov_32\\Diplom_3\\.venv\\Lib\\site-packages\\allure_commons\\_allure.py\", line 202, in impl\n    return func(*a, **kw)\n  File \"C:\\Users\\user\\Diplom_Aleksey_Rogozhnikov_32\\Diplom_3\\pages\\base_page.py\", line 15, in wait_for_element\n    return WebDriverWait(self.driver, timeout).until(EC.visibility_of_element_located(locator))\n           ~~~~~~~~~~~~~~~~~~~~~~~~~~~~~~~~~~~~~~~~~^^^^^^^^^^^^^^^^^^^^^^^^^^^^^^^^^^^^^^^^^^^\n  File \"c:\\Users\\user\\Diplom_Aleksey_Rogozhnikov_32\\Diplom_3\\.venv\\Lib\\site-packages\\selenium\\webdriver\\support\\wait.py\", line 122, in until\n    raise TimeoutException(message, screen, stacktrace)\n"}, "parameters": [{"name": "locator", "value": "('xpath', \"//p[text()='Выполнено за все время:']/following-sibling::p\")"}, {"name": "timeout", "value": "10"}], "start": 1768679266411, "stop": 1768679276472}], "parameters": [{"name": "locator", "value": "('xpath', \"//p[text()='Выполнено за все время:']/following-sibling::p\")"}], "start": 1768679266410, "stop": 1768679276851}], "start": 1768679266410, "stop": 1768679276853}], "attachments": [{"name": "log", "source": "5d6064ae-4e88-403e-96a9-4e74cb5e0937-attachment.txt", "type": "text/plain"}], "parameters": [{"name": "driver", "value": "'firefox'"}], "start": 1768679265089, "stop": 1768679276905, "uuid": "79d631ad-5804-4661-8103-777079ebf16f", "historyId": "74187e405199fc324d013ac94e340451", "testCaseId": "2d0d0e71745986d3062e1a9c1b42d924", "fullName": "tests.test_order_pege.TestOrderPage#test_check_rise_counter_order_to_all_time", "labels": [{"name": "parentSuite", "value": "tests"}, {"name": "suite", "value": "test_order_pege"}, {"name": "subSuite", "value": "TestOrderPage"}, {"name": "host", "value": "HP"}, {"name": "thread", "value": "12776-MainThread"}, {"name": "framework", "value": "pytest"}, {"name": "language", "value": "cpython3"}, {"name": "package", "value": "tests.test_order_pege"}], "titlePath": ["tests", "test_order_pege.py", "TestOrderPage"]}