{"name": "Проверка, что после оформления заказа его номер появляется в разделе \"В работе\"", "status": "broken", "statusDetails": {"message": "selenium.common.exceptions.TimeoutException: Message:", "trace": "self = <test_order_pege.TestOrderPage object at 0x0000022B4A6306B0>\nlogin = <selenium.webdriver.firefox.webdriver.WebDriver (session=\"c48c394b-7fa3-45f1-8034-c9111888b3c7\")>\n\n    @allure.title('Проверка, что после оформления заказа его номер появляется в разделе \"В работе\"')\n    def test_check_number_order_in_work(self, login):\n        # Авторизация\n        driver = login\n        order = OrderPage(driver)\n        # Переход в карточку заказа\n>       order.check_number_in_order_card()\n\ntests\\test_order_pege.py:50: \n_ _ _ _ _ _ _ _ _ _ _ _ _ _ _ _ _ _ _ _ _ _ _ _ _ _ _ _ _ _ _ _ _ _ _ _ _ _ _ _ _ _ _ _ _ _ _ _ _ _ _ _ _ _ _\npages\\order_page.py:105: in check_number_in_order_card\n    self.incorrect_number_invisible()\npages\\order_page.py:50: in incorrect_number_invisible\n    self.wait_for_element_hide(OrderLocators.INCORRECT_NUMBER)\npages\\base_page.py:37: in wait_for_element_hide\n    return WebDriverWait(self.driver, timeout=10).until(EC.invisibility_of_element_located(locator))\n           ^^^^^^^^^^^^^^^^^^^^^^^^^^^^^^^^^^^^^^^^^^^^^^^^^^^^^^^^^^^^^^^^^^^^^^^^^^^^^^^^^^^^^^^^^\n_ _ _ _ _ _ _ _ _ _ _ _ _ _ _ _ _ _ _ _ _ _ _ _ _ _ _ _ _ _ _ _ _ _ _ _ _ _ _ _ _ _ _ _ _ _ _ _ _ _ _ _ _ _ _\n\nself = <selenium.webdriver.support.wait.WebDriverWait (session=\"c48c394b-7fa3-45f1-8034-c9111888b3c7\")>\nmethod = <function invisibility_of_element_located.<locals>._predicate at 0x0000022B4A66B1A0>, message = ''\n\n    def until(self, method: Callable[[D], Literal[False] | T], message: str = \"\") -> T:\n        \"\"\"Wait until the method returns a value that is not False.\n    \n        Calls the method provided with the driver as an argument until the\n        return value does not evaluate to ``False``.\n    \n        Args:\n            method: A callable object that takes a WebDriver instance as an\n                argument.\n            message: Optional message for TimeoutException.\n    \n        Returns:\n            The result of the last call to `method`.\n    \n        Raises:\n            TimeoutException: If 'method' does not return a truthy value within\n                the WebDriverWait object's timeout.\n    \n        Example:\n            >>> from selenium.webdriver.common.by import By\n            >>> from selenium.webdriver.support.ui import WebDriverWait\n            >>> from selenium.webdriver.support import expected_conditions as EC\n            >>>\n            >>> # Wait until an element is visible on the page\n            >>> wait = WebDriverWait(driver, 10)\n            >>> element = wait.until(EC.visibility_of_element_located((By.ID, \"exampleId\")))\n            >>> print(element.text)\n        \"\"\"\n        screen = None\n        stacktrace = None\n    \n        end_time = time.monotonic() + self._timeout\n        while True:\n            try:\n                value = method(self._driver)\n                if value:\n                    return value\n            except self._ignored_exceptions as exc:\n                screen = getattr(exc, \"screen\", None)\n                stacktrace = getattr(exc, \"stacktrace\", None)\n            if time.monotonic() > end_time:\n                break\n            time.sleep(self._poll)\n>       raise TimeoutException(message, screen, stacktrace)\nE       selenium.common.exceptions.TimeoutException: Message:\n\n.venv\\Lib\\site-packages\\selenium\\webdriver\\support\\wait.py:122: TimeoutException"}, "steps": [{"name": "Переход в карточку заказа", "status": "broken", "statusDetails": {"message": "selenium.common.exceptions.TimeoutException: Message: \n\n", "trace": "  File \"c:\\Users\\user\\Diplom_Aleksey_Rogozhnikov_32\\Diplom_3\\.venv\\Lib\\site-packages\\allure_commons\\_allure.py\", line 202, in impl\n    return func(*a, **kw)\n  File \"C:\\Users\\user\\Diplom_Aleksey_Rogozhnikov_32\\Diplom_3\\pages\\order_page.py\", line 105, in check_number_in_order_card\n    self.incorrect_number_invisible()\n    ~~~~~~~~~~~~~~~~~~~~~~~~~~~~~~~^^\n  File \"c:\\Users\\user\\Diplom_Aleksey_Rogozhnikov_32\\Diplom_3\\.venv\\Lib\\site-packages\\allure_commons\\_allure.py\", line 202, in impl\n    return func(*a, **kw)\n  File \"C:\\Users\\user\\Diplom_Aleksey_Rogozhnikov_32\\Diplom_3\\pages\\order_page.py\", line 50, in incorrect_number_invisible\n    self.wait_for_element_hide(OrderLocators.INCORRECT_NUMBER)\n    ~~~~~~~~~~~~~~~~~~~~~~~~~~^^^^^^^^^^^^^^^^^^^^^^^^^^^^^^^^\n  File \"c:\\Users\\user\\Diplom_Aleksey_Rogozhnikov_32\\Diplom_3\\.venv\\Lib\\site-packages\\allure_commons\\_allure.py\", line 202, in impl\n    return func(*a, **kw)\n  File \"C:\\Users\\user\\Diplom_Aleksey_Rogozhnikov_32\\Diplom_3\\pages\\base_page.py\", line 37, in wait_for_element_hide\n    return WebDriverWait(self.driver, timeout=10).until(EC.invisibility_of_element_located(locator))\n           ~~~~~~~~~~~~~~~~~~~~~~~~~~~~~~~~~~~~~~~~~~~~^^^^^^^^^^^^^^^^^^^^^^^^^^^^^^^^^^^^^^^^^^^^^\n  File \"c:\\Users\\user\\Diplom_Aleksey_Rogozhnikov_32\\Diplom_3\\.venv\\Lib\\site-packages\\selenium\\webdriver\\support\\wait.py\", line 122, in until\n    raise TimeoutException(message, screen, stacktrace)\n"}, "steps": [{"name": "Дождаться загрузки страницы", "status": "passed", "steps": [{"name": "Подождать пока элемент не станет невидимым", "status": "passed", "parameters": [{"name": "locator", "value": "('xpath', \"//div[contains(@class, 'Modal_modal_overlay__x2ZCr')]/parent::div\")"}], "start": 1768679424854, "stop": 1768679425390}], "start": 1768679424854, "stop": 1768679425390}, {"name": "Клик по кнопке «Конструктор»", "status": "passed", "steps": [{"name": "Клик по элементу на странице", "status": "passed", "steps": [{"name": "Подождать кликабельности элемента", "status": "passed", "parameters": [{"name": "locator", "value": "('xpath', \"//p[text()='Конструктор']\")"}, {"name": "timeout", "value": "10"}], "start": 1768679425391, "stop": 1768679425418}], "parameters": [{"name": "locator", "value": "('xpath', \"//p[text()='Конструктор']\")"}], "start": 1768679425390, "stop": 1768679425704}], "start": 1768679425390, "stop": 1768679425704}, {"name": "Дождаться загрузки страницы", "status": "passed", "steps": [{"name": "Подождать пока элемент не станет невидимым", "status": "passed", "parameters": [{"name": "locator", "value": "('xpath', \"//div[contains(@class, 'Modal_modal_overlay__x2ZCr')]/parent::div\")"}], "start": 1768679425705, "stop": 1768679425719}], "start": 1768679425705, "stop": 1768679425719}, {"name": "Ожидание кликабельности булочки", "status": "passed", "steps": [{"name": "Подождать кликабельности элемента", "status": "passed", "parameters": [{"name": "locator", "value": "('xpath', \"//p[text()='Флюоресцентная булка R2-D3']\")"}, {"name": "timeout", "value": "10"}], "start": 1768679425719, "stop": 1768679425740}], "start": 1768679425719, "stop": 1768679425740}, {"name": "Перетаскивание ингредиента в конструктор бургера", "status": "passed", "steps": [{"name": "Найти элемент с ожиданием", "status": "passed", "steps": [{"name": "Подождать видимости элемента", "status": "passed", "parameters": [{"name": "locator", "value": "('xpath', \"//p[text()='Флюоресцентная булка R2-D3']\")"}, {"name": "timeout", "value": "10"}], "start": 1768679425741, "stop": 1768679425758}], "parameters": [{"name": "locator", "value": "('xpath', \"//p[text()='Флюоресцентная булка R2-D3']\")"}, {"name": "timeout", "value": "10"}], "start": 1768679425740, "stop": 1768679425758}, {"name": "Найти элемент с ожиданием", "status": "passed", "steps": [{"name": "Подождать видимости элемента", "status": "passed", "parameters": [{"name": "locator", "value": "('xpath', \"//section[contains(@class, 'BurgerConstructor_basket')]\")"}, {"name": "timeout", "value": "10"}], "start": 1768679425759, "stop": 1768679425777}], "parameters": [{"name": "locator", "value": "('xpath', \"//section[contains(@class, 'BurgerConstructor_basket')]\")"}, {"name": "timeout", "value": "10"}], "start": 1768679425759, "stop": 1768679425777}, {"name": "Перетащить элемент в корзину", "status": "passed", "parameters": [{"name": "source_element", "value": "<selenium.webdriver.remote.webelement.WebElement (session=\"c48c394b-7fa3-45f1-8034-c9111888b3c7\", element=\"4cf17df7-02c3-4943-9232-ce405207508a\")>"}, {"name": "target_element", "value": "<selenium.webdriver.remote.webelement.WebElement (session=\"c48c394b-7fa3-45f1-8034-c9111888b3c7\", element=\"b76200c5-e290-40fc-ac50-7adff4920b5c\")>"}], "start": 1768679425777, "stop": 1768679427553}], "start": 1768679425740, "stop": 1768679427553}, {"name": "Дождаться загрузки страницы", "status": "passed", "steps": [{"name": "Подождать пока элемент не станет невидимым", "status": "passed", "parameters": [{"name": "locator", "value": "('xpath', \"//div[contains(@class, 'Modal_modal_overlay__x2ZCr')]/parent::div\")"}], "start": 1768679427554, "stop": 1768679427571}], "start": 1768679427553, "stop": 1768679427571}, {"name": "Оформить заказ", "status": "passed", "steps": [{"name": "Клик по элементу на странице", "status": "passed", "steps": [{"name": "Подождать кликабельности элемента", "status": "passed", "parameters": [{"name": "locator", "value": "('xpath', \"//button[text()='Оформить заказ']\")"}, {"name": "timeout", "value": "10"}], "start": 1768679427572, "stop": 1768679427594}], "parameters": [{"name": "locator", "value": "('xpath', \"//button[text()='Оформить заказ']\")"}], "start": 1768679427572, "stop": 1768679427894}], "start": 1768679427572, "stop": 1768679427895}, {"name": "Дождаться загрузки страницы", "status": "passed", "steps": [{"name": "Подождать пока элемент не станет невидимым", "status": "passed", "parameters": [{"name": "locator", "value": "('xpath', \"//div[contains(@class, 'Modal_modal_overlay__x2ZCr')]/parent::div\")"}], "start": 1768679427895, "stop": 1768679427913}], "start": 1768679427895, "stop": 1768679427913}, {"name": "Ожидаем видимости текста в карточке заказа", "status": "passed", "steps": [{"name": "Подождать видимости элемента", "status": "passed", "parameters": [{"name": "locator", "value": "('xpath', \"//p[text()='Ваш заказ начали готовить']\")"}, {"name": "timeout", "value": "10"}], "start": 1768679427913, "stop": 1768679427928}], "start": 1768679427913, "stop": 1768679427928}, {"name": "Дождаться загрузки страницы", "status": "passed", "steps": [{"name": "Подождать пока элемент не станет невидимым", "status": "passed", "parameters": [{"name": "locator", "value": "('xpath', \"//div[contains(@class, 'Modal_modal_overlay__x2ZCr')]/parent::div\")"}], "start": 1768679427928, "stop": 1768679428632}], "start": 1768679427928, "stop": 1768679428632}, {"name": "Убеждаемся, что номер заказа не 9999", "status": "broken", "statusDetails": {"message": "selenium.common.exceptions.TimeoutException: Message: \n\n", "trace": "  File \"c:\\Users\\user\\Diplom_Aleksey_Rogozhnikov_32\\Diplom_3\\.venv\\Lib\\site-packages\\allure_commons\\_allure.py\", line 202, in impl\n    return func(*a, **kw)\n  File \"C:\\Users\\user\\Diplom_Aleksey_Rogozhnikov_32\\Diplom_3\\pages\\order_page.py\", line 50, in incorrect_number_invisible\n    self.wait_for_element_hide(OrderLocators.INCORRECT_NUMBER)\n    ~~~~~~~~~~~~~~~~~~~~~~~~~~^^^^^^^^^^^^^^^^^^^^^^^^^^^^^^^^\n  File \"c:\\Users\\user\\Diplom_Aleksey_Rogozhnikov_32\\Diplom_3\\.venv\\Lib\\site-packages\\allure_commons\\_allure.py\", line 202, in impl\n    return func(*a, **kw)\n  File \"C:\\Users\\user\\Diplom_Aleksey_Rogozhnikov_32\\Diplom_3\\pages\\base_page.py\", line 37, in wait_for_element_hide\n    return WebDriverWait(self.driver, timeout=10).until(EC.invisibility_of_element_located(locator))\n           ~~~~~~~~~~~~~~~~~~~~~~~~~~~~~~~~~~~~~~~~~~~~^^^^^^^^^^^^^^^^^^^^^^^^^^^^^^^^^^^^^^^^^^^^^\n  File \"c:\\Users\\user\\Diplom_Aleksey_Rogozhnikov_32\\Diplom_3\\.venv\\Lib\\site-packages\\selenium\\webdriver\\support\\wait.py\", line 122, in until\n    raise TimeoutException(message, screen, stacktrace)\n"}, "steps": [{"name": "Подождать пока элемент не станет невидимым", "status": "broken", "statusDetails": {"message": "selenium.common.exceptions.TimeoutException: Message: \n\n", "trace": "  File \"c:\\Users\\user\\Diplom_Aleksey_Rogozhnikov_32\\Diplom_3\\.venv\\Lib\\site-packages\\allure_commons\\_allure.py\", line 202, in impl\n    return func(*a, **kw)\n  File \"C:\\Users\\user\\Diplom_Aleksey_Rogozhnikov_32\\Diplom_3\\pages\\base_page.py\", line 37, in wait_for_element_hide\n    return WebDriverWait(self.driver, timeout=10).until(EC.invisibility_of_element_located(locator))\n           ~~~~~~~~~~~~~~~~~~~~~~~~~~~~~~~~~~~~~~~~~~~~^^^^^^^^^^^^^^^^^^^^^^^^^^^^^^^^^^^^^^^^^^^^^\n  File \"c:\\Users\\user\\Diplom_Aleksey_Rogozhnikov_32\\Diplom_3\\.venv\\Lib\\site-packages\\selenium\\webdriver\\support\\wait.py\", line 122, in until\n    raise TimeoutException(message, screen, stacktrace)\n"}, "parameters": [{"name": "locator", "value": "('xpath', \"//h2[contains(.,'9999')]\")"}], "start": 1768679428632, "stop": 1768679439064}], "start": 1768679428632, "stop": 1768679439065}], "start": 1768679424854, "stop": 1768679439067}], "attachments": [{"name": "log", "source": "46517e1a-241d-4b5b-885f-204dfdff5b19-attachment.txt", "type": "text/plain"}], "parameters": [{"name": "driver", "value": "'firefox'"}], "start": 1768679424853, "stop": 1768679439071, "uuid": "c81d2b7d-b699-4203-8301-624c4e92d3ec", "historyId": "442e3be6bbafebcf264df2589d18c8ce", "testCaseId": "472c812031511c23d4a2cc2852063825", "fullName": "tests.test_order_pege.TestOrderPage#test_check_number_order_in_work", "labels": [{"name": "parentSuite", "value": "tests"}, {"name": "suite", "value": "test_order_pege"}, {"name": "subSuite", "value": "TestOrderPage"}, {"name": "host", "value": "HP"}, {"name": "thread", "value": "12776-MainThread"}, {"name": "framework", "value": "pytest"}, {"name": "language", "value": "cpython3"}, {"name": "package", "value": "tests.test_order_pege"}], "titlePath": ["tests", "test_order_pege.py", "TestOrderPage"]}