{"name": "Проверка, что при создании нового заказа счётчик \"Выполнено за сегодя\" увеличивается", "status": "broken", "statusDetails": {"message": "selenium.common.exceptions.TimeoutException: Message:", "trace": "self = <test_order_pege.TestOrderPage object at 0x0000022B4A557490>\nlogin = <selenium.webdriver.firefox.webdriver.WebDriver (session=\"246eaf10-3a62-4ab1-9342-d909ac287bb3\")>\n\n    @allure.title('Проверка, что при создании нового заказа счётчик \"Выполнено за сегодя\" увеличивается')\n    def test_check_rise_counter_order_to_today(self, login):\n        # Авторизация\n        driver = login\n        order = OrderPage(driver)\n        # Заходим в ленту заказов\n        order.check_go_to_feed_order()\n        # Получаем количество заказов \"Выполнено за сегодня\" до оформления нового заказа\n        order_today_before = order.text_order_today()\n        # Оформляем новый заказ\n>       order.check_maiking_a_new_order()\n\ntests\\test_order_pege.py:36: \n_ _ _ _ _ _ _ _ _ _ _ _ _ _ _ _ _ _ _ _ _ _ _ _ _ _ _ _ _ _ _ _ _ _ _ _ _ _ _ _ _ _ _ _ _ _ _ _ _ _ _ _ _ _ _\npages\\order_page.py:87: in check_maiking_a_new_order\n    self.incorrect_number_invisible()\npages\\order_page.py:50: in incorrect_number_invisible\n    self.wait_for_element_hide(OrderLocators.INCORRECT_NUMBER)\npages\\base_page.py:37: in wait_for_element_hide\n    return WebDriverWait(self.driver, timeout=10).until(EC.invisibility_of_element_located(locator))\n           ^^^^^^^^^^^^^^^^^^^^^^^^^^^^^^^^^^^^^^^^^^^^^^^^^^^^^^^^^^^^^^^^^^^^^^^^^^^^^^^^^^^^^^^^^\n_ _ _ _ _ _ _ _ _ _ _ _ _ _ _ _ _ _ _ _ _ _ _ _ _ _ _ _ _ _ _ _ _ _ _ _ _ _ _ _ _ _ _ _ _ _ _ _ _ _ _ _ _ _ _\n\nself = <selenium.webdriver.support.wait.WebDriverWait (session=\"246eaf10-3a62-4ab1-9342-d909ac287bb3\")>\nmethod = <function invisibility_of_element_located.<locals>._predicate at 0x0000022B4A668F40>, message = ''\n\n    def until(self, method: Callable[[D], Literal[False] | T], message: str = \"\") -> T:\n        \"\"\"Wait until the method returns a value that is not False.\n    \n        Calls the method provided with the driver as an argument until the\n        return value does not evaluate to ``False``.\n    \n        Args:\n            method: A callable object that takes a WebDriver instance as an\n                argument.\n            message: Optional message for TimeoutException.\n    \n        Returns:\n            The result of the last call to `method`.\n    \n        Raises:\n            TimeoutException: If 'method' does not return a truthy value within\n                the WebDriverWait object's timeout.\n    \n        Example:\n            >>> from selenium.webdriver.common.by import By\n            >>> from selenium.webdriver.support.ui import WebDriverWait\n            >>> from selenium.webdriver.support import expected_conditions as EC\n            >>>\n            >>> # Wait until an element is visible on the page\n            >>> wait = WebDriverWait(driver, 10)\n            >>> element = wait.until(EC.visibility_of_element_located((By.ID, \"exampleId\")))\n            >>> print(element.text)\n        \"\"\"\n        screen = None\n        stacktrace = None\n    \n        end_time = time.monotonic() + self._timeout\n        while True:\n            try:\n                value = method(self._driver)\n                if value:\n                    return value\n            except self._ignored_exceptions as exc:\n                screen = getattr(exc, \"screen\", None)\n                stacktrace = getattr(exc, \"stacktrace\", None)\n            if time.monotonic() > end_time:\n                break\n            time.sleep(self._poll)\n>       raise TimeoutException(message, screen, stacktrace)\nE       selenium.common.exceptions.TimeoutException: Message:\n\n.venv\\Lib\\site-packages\\selenium\\webdriver\\support\\wait.py:122: TimeoutException"}, "steps": [{"name": "Переход в Ленту заказов", "status": "passed", "steps": [{"name": "Дождаться загрузки страницы", "status": "passed", "steps": [{"name": "Подождать пока элемент не станет невидимым", "status": "passed", "parameters": [{"name": "locator", "value": "('xpath', \"//div[contains(@class, 'Modal_modal_overlay__x2ZCr')]/parent::div\")"}], "start": 1768679362383, "stop": 1768679363677}], "start": 1768679362383, "stop": 1768679363677}, {"name": "Клик по кнопке \"Лента заказов\"", "status": "passed", "steps": [{"name": "Клик по элементу на странице", "status": "passed", "steps": [{"name": "Подождать кликабельности элемента", "status": "passed", "parameters": [{"name": "locator", "value": "('xpath', \"//p[text()='Лента Заказов']\")"}, {"name": "timeout", "value": "10"}], "start": 1768679363677, "stop": 1768679363700}], "parameters": [{"name": "locator", "value": "('xpath', \"//p[text()='Лента Заказов']\")"}], "start": 1768679363677, "stop": 1768679364202}], "start": 1768679363677, "stop": 1768679364202}, {"name": "Дождаться загрузки страницы", "status": "passed", "steps": [{"name": "Подождать пока элемент не станет невидимым", "status": "passed", "parameters": [{"name": "locator", "value": "('xpath', \"//div[contains(@class, 'Modal_modal_overlay__x2ZCr')]/parent::div\")"}], "start": 1768679364202, "stop": 1768679364217}], "start": 1768679364202, "stop": 1768679364217}], "start": 1768679362383, "stop": 1768679364217}, {"name": "Получить количество заказов за сегодня", "status": "passed", "steps": [{"name": "Получить текст элемента", "status": "passed", "steps": [{"name": "Подождать видимости элемента", "status": "passed", "parameters": [{"name": "locator", "value": "('xpath', \"//p[text()='Выполнено за сегодня:']/following-sibling::p\")"}, {"name": "timeout", "value": "10"}], "start": 1768679364217, "stop": 1768679365274}], "parameters": [{"name": "locator", "value": "('xpath', \"//p[text()='Выполнено за сегодня:']/following-sibling::p\")"}], "start": 1768679364217, "stop": 1768679365385}], "start": 1768679364217, "stop": 1768679365386}, {"name": "Оформление нового заказа", "status": "broken", "statusDetails": {"message": "selenium.common.exceptions.TimeoutException: Message: \n\n", "trace": "  File \"c:\\Users\\user\\Diplom_Aleksey_Rogozhnikov_32\\Diplom_3\\.venv\\Lib\\site-packages\\allure_commons\\_allure.py\", line 202, in impl\n    return func(*a, **kw)\n  File \"C:\\Users\\user\\Diplom_Aleksey_Rogozhnikov_32\\Diplom_3\\pages\\order_page.py\", line 87, in check_maiking_a_new_order\n    self.incorrect_number_invisible()\n    ~~~~~~~~~~~~~~~~~~~~~~~~~~~~~~~^^\n  File \"c:\\Users\\user\\Diplom_Aleksey_Rogozhnikov_32\\Diplom_3\\.venv\\Lib\\site-packages\\allure_commons\\_allure.py\", line 202, in impl\n    return func(*a, **kw)\n  File \"C:\\Users\\user\\Diplom_Aleksey_Rogozhnikov_32\\Diplom_3\\pages\\order_page.py\", line 50, in incorrect_number_invisible\n    self.wait_for_element_hide(OrderLocators.INCORRECT_NUMBER)\n    ~~~~~~~~~~~~~~~~~~~~~~~~~~^^^^^^^^^^^^^^^^^^^^^^^^^^^^^^^^\n  File \"c:\\Users\\user\\Diplom_Aleksey_Rogozhnikov_32\\Diplom_3\\.venv\\Lib\\site-packages\\allure_commons\\_allure.py\", line 202, in impl\n    return func(*a, **kw)\n  File \"C:\\Users\\user\\Diplom_Aleksey_Rogozhnikov_32\\Diplom_3\\pages\\base_page.py\", line 37, in wait_for_element_hide\n    return WebDriverWait(self.driver, timeout=10).until(EC.invisibility_of_element_located(locator))\n           ~~~~~~~~~~~~~~~~~~~~~~~~~~~~~~~~~~~~~~~~~~~~^^^^^^^^^^^^^^^^^^^^^^^^^^^^^^^^^^^^^^^^^^^^^\n  File \"c:\\Users\\user\\Diplom_Aleksey_Rogozhnikov_32\\Diplom_3\\.venv\\Lib\\site-packages\\selenium\\webdriver\\support\\wait.py\", line 122, in until\n    raise TimeoutException(message, screen, stacktrace)\n"}, "steps": [{"name": "Дождаться загрузки страницы", "status": "passed", "steps": [{"name": "Подождать пока элемент не станет невидимым", "status": "passed", "parameters": [{"name": "locator", "value": "('xpath', \"//div[contains(@class, 'Modal_modal_overlay__x2ZCr')]/parent::div\")"}], "start": 1768679365386, "stop": 1768679365398}], "start": 1768679365386, "stop": 1768679365398}, {"name": "Клик по кнопке «Конструктор»", "status": "passed", "steps": [{"name": "Клик по элементу на странице", "status": "passed", "steps": [{"name": "Подождать кликабельности элемента", "status": "passed", "parameters": [{"name": "locator", "value": "('xpath', \"//p[text()='Конструктор']\")"}, {"name": "timeout", "value": "10"}], "start": 1768679365399, "stop": 1768679365417}], "parameters": [{"name": "locator", "value": "('xpath', \"//p[text()='Конструктор']\")"}], "start": 1768679365398, "stop": 1768679365866}], "start": 1768679365398, "stop": 1768679365866}, {"name": "Дождаться загрузки страницы", "status": "passed", "steps": [{"name": "Подождать пока элемент не станет невидимым", "status": "passed", "parameters": [{"name": "locator", "value": "('xpath', \"//div[contains(@class, 'Modal_modal_overlay__x2ZCr')]/parent::div\")"}], "start": 1768679365866, "stop": 1768679365886}], "start": 1768679365866, "stop": 1768679365886}, {"name": "Ожидание кликабельности булочки", "status": "passed", "steps": [{"name": "Подождать кликабельности элемента", "status": "passed", "parameters": [{"name": "locator", "value": "('xpath', \"//p[text()='Флюоресцентная булка R2-D3']\")"}, {"name": "timeout", "value": "10"}], "start": 1768679365887, "stop": 1768679365908}], "start": 1768679365886, "stop": 1768679365908}, {"name": "Перетаскивание ингредиента в конструктор бургера", "status": "passed", "steps": [{"name": "Найти элемент с ожиданием", "status": "passed", "steps": [{"name": "Подождать видимости элемента", "status": "passed", "parameters": [{"name": "locator", "value": "('xpath', \"//p[text()='Флюоресцентная булка R2-D3']\")"}, {"name": "timeout", "value": "10"}], "start": 1768679365908, "stop": 1768679365930}], "parameters": [{"name": "locator", "value": "('xpath', \"//p[text()='Флюоресцентная булка R2-D3']\")"}, {"name": "timeout", "value": "10"}], "start": 1768679365908, "stop": 1768679365930}, {"name": "Найти элемент с ожиданием", "status": "passed", "steps": [{"name": "Подождать видимости элемента", "status": "passed", "parameters": [{"name": "locator", "value": "('xpath', \"//section[contains(@class, 'BurgerConstructor_basket')]\")"}, {"name": "timeout", "value": "10"}], "start": 1768679365931, "stop": 1768679365946}], "parameters": [{"name": "locator", "value": "('xpath', \"//section[contains(@class, 'BurgerConstructor_basket')]\")"}, {"name": "timeout", "value": "10"}], "start": 1768679365930, "stop": 1768679365947}, {"name": "Перетащить элемент в корзину", "status": "passed", "parameters": [{"name": "source_element", "value": "<selenium.webdriver.remote.webelement.WebElement (session=\"246eaf10-3a62-4ab1-9342-d909ac287bb3\", element=\"1f4b92bc-4620-4baa-b0ae-89b4e5451ee8\")>"}, {"name": "target_element", "value": "<selenium.webdriver.remote.webelement.WebElement (session=\"246eaf10-3a62-4ab1-9342-d909ac287bb3\", element=\"75a027a7-9d1c-4b22-98fe-681ac8a34ef1\")>"}], "start": 1768679365947, "stop": 1768679366486}], "start": 1768679365908, "stop": 1768679366486}, {"name": "Дождаться загрузки страницы", "status": "passed", "steps": [{"name": "Подождать пока элемент не станет невидимым", "status": "passed", "parameters": [{"name": "locator", "value": "('xpath', \"//div[contains(@class, 'Modal_modal_overlay__x2ZCr')]/parent::div\")"}], "start": 1768679366486, "stop": 1768679366500}], "start": 1768679366486, "stop": 1768679366500}, {"name": "Оформить заказ", "status": "passed", "steps": [{"name": "Клик по элементу на странице", "status": "passed", "steps": [{"name": "Подождать кликабельности элемента", "status": "passed", "parameters": [{"name": "locator", "value": "('xpath', \"//button[text()='Оформить заказ']\")"}, {"name": "timeout", "value": "10"}], "start": 1768679366501, "stop": 1768679366523}], "parameters": [{"name": "locator", "value": "('xpath', \"//button[text()='Оформить заказ']\")"}], "start": 1768679366500, "stop": 1768679366809}], "start": 1768679366500, "stop": 1768679366809}, {"name": "Дождаться загрузки страницы", "status": "passed", "steps": [{"name": "Подождать пока элемент не станет невидимым", "status": "passed", "parameters": [{"name": "locator", "value": "('xpath', \"//div[contains(@class, 'Modal_modal_overlay__x2ZCr')]/parent::div\")"}], "start": 1768679366810, "stop": 1768679366822}], "start": 1768679366810, "stop": 1768679366822}, {"name": "Ожидаем видимости текста в карточке заказа", "status": "passed", "steps": [{"name": "Подождать видимости элемента", "status": "passed", "parameters": [{"name": "locator", "value": "('xpath', \"//p[text()='Ваш заказ начали готовить']\")"}, {"name": "timeout", "value": "10"}], "start": 1768679366822, "stop": 1768679366839}], "start": 1768679366822, "stop": 1768679366840}, {"name": "Дождаться загрузки страницы", "status": "passed", "steps": [{"name": "Подождать пока элемент не станет невидимым", "status": "passed", "parameters": [{"name": "locator", "value": "('xpath', \"//div[contains(@class, 'Modal_modal_overlay__x2ZCr')]/parent::div\")"}], "start": 1768679366840, "stop": 1768679367435}], "start": 1768679366840, "stop": 1768679367435}, {"name": "Убеждаемся, что номер заказа не 9999", "status": "broken", "statusDetails": {"message": "selenium.common.exceptions.TimeoutException: Message: \n\n", "trace": "  File \"c:\\Users\\user\\Diplom_Aleksey_Rogozhnikov_32\\Diplom_3\\.venv\\Lib\\site-packages\\allure_commons\\_allure.py\", line 202, in impl\n    return func(*a, **kw)\n  File \"C:\\Users\\user\\Diplom_Aleksey_Rogozhnikov_32\\Diplom_3\\pages\\order_page.py\", line 50, in incorrect_number_invisible\n    self.wait_for_element_hide(OrderLocators.INCORRECT_NUMBER)\n    ~~~~~~~~~~~~~~~~~~~~~~~~~~^^^^^^^^^^^^^^^^^^^^^^^^^^^^^^^^\n  File \"c:\\Users\\user\\Diplom_Aleksey_Rogozhnikov_32\\Diplom_3\\.venv\\Lib\\site-packages\\allure_commons\\_allure.py\", line 202, in impl\n    return func(*a, **kw)\n  File \"C:\\Users\\user\\Diplom_Aleksey_Rogozhnikov_32\\Diplom_3\\pages\\base_page.py\", line 37, in wait_for_element_hide\n    return WebDriverWait(self.driver, timeout=10).until(EC.invisibility_of_element_located(locator))\n           ~~~~~~~~~~~~~~~~~~~~~~~~~~~~~~~~~~~~~~~~~~~~^^^^^^^^^^^^^^^^^^^^^^^^^^^^^^^^^^^^^^^^^^^^^\n  File \"c:\\Users\\user\\Diplom_Aleksey_Rogozhnikov_32\\Diplom_3\\.venv\\Lib\\site-packages\\selenium\\webdriver\\support\\wait.py\", line 122, in until\n    raise TimeoutException(message, screen, stacktrace)\n"}, "steps": [{"name": "Подождать пока элемент не станет невидимым", "status": "broken", "statusDetails": {"message": "selenium.common.exceptions.TimeoutException: Message: \n\n", "trace": "  File \"c:\\Users\\user\\Diplom_Aleksey_Rogozhnikov_32\\Diplom_3\\.venv\\Lib\\site-packages\\allure_commons\\_allure.py\", line 202, in impl\n    return func(*a, **kw)\n  File \"C:\\Users\\user\\Diplom_Aleksey_Rogozhnikov_32\\Diplom_3\\pages\\base_page.py\", line 37, in wait_for_element_hide\n    return WebDriverWait(self.driver, timeout=10).until(EC.invisibility_of_element_located(locator))\n           ~~~~~~~~~~~~~~~~~~~~~~~~~~~~~~~~~~~~~~~~~~~~^^^^^^^^^^^^^^^^^^^^^^^^^^^^^^^^^^^^^^^^^^^^^\n  File \"c:\\Users\\user\\Diplom_Aleksey_Rogozhnikov_32\\Diplom_3\\.venv\\Lib\\site-packages\\selenium\\webdriver\\support\\wait.py\", line 122, in until\n    raise TimeoutException(message, screen, stacktrace)\n"}, "parameters": [{"name": "locator", "value": "('xpath', \"//h2[contains(.,'9999')]\")"}], "start": 1768679367435, "stop": 1768679377841}], "start": 1768679367435, "stop": 1768679377842}], "start": 1768679365386, "stop": 1768679377844}], "attachments": [{"name": "log", "source": "d1590864-046b-4b1d-b713-64bacefcc361-attachment.txt", "type": "text/plain"}], "parameters": [{"name": "driver", "value": "'firefox'"}], "start": 1768679362382, "stop": 1768679377848, "uuid": "52aa2671-38ee-4180-98f7-514a61e16791", "historyId": "f2e7407bda0128502c505476bf6d5d46", "testCaseId": "18ccfb23d602583f1e64581af88676c4", "fullName": "tests.test_order_pege.TestOrderPage#test_check_rise_counter_order_to_today", "labels": [{"name": "parentSuite", "value": "tests"}, {"name": "suite", "value": "test_order_pege"}, {"name": "subSuite", "value": "TestOrderPage"}, {"name": "host", "value": "HP"}, {"name": "thread", "value": "12776-MainThread"}, {"name": "framework", "value": "pytest"}, {"name": "language", "value": "cpython3"}, {"name": "package", "value": "tests.test_order_pege"}], "titlePath": ["tests", "test_order_pege.py", "TestOrderPage"]}